# JRE version: Java(TM) SE Runtime Environment (8.0_45-b14) (build 1.8.0_45-b14)
# Java VM: Java HotSpot(TM) 64-Bit Server VM (25.45-b02 mixed mode bsd-amd64 compressed oops)
Heap:
 PSYoungGen      total 276992K, used 208800K [0x00000007aab00000, 0x00000007bfe00000, 0x00000007c0000000)
  eden space 207360K, 94% used [0x00000007aab00000,0x00000007b6a40f50,0x00000007b7580000)
  from space 69632K, 18% used [0x00000007b7580000,0x00000007b8227480,0x00000007bb980000)
  to   space 68096K, 0% used [0x00000007bbb80000,0x00000007bbb80000,0x00000007bfe00000)
 ParOldGen       total 534016K, used 346796K [0x0000000780000000, 0x00000007a0980000, 0x00000007aab00000)
  object space 534016K, 64% used [0x0000000780000000,0x00000007952ab328,0x00000007a0980000)
 Metaspace       used 121108K, capacity 125724K, committed 126284K, reserved 1159168K
  class space    used 15636K, capacity 16633K, committed 16756K, reserved 1048576K
GC Heap History (10 events):
Event: 279.766 GC heap before
{Heap before GC invocations=43 (full 5):
 PSYoungGen      total 268800K, used 247873K [0x00000007aab00000, 0x00000007c0000000, 0x00000007c0000000)
  eden space 198144K, 100% used [0x00000007aab00000,0x00000007b6c80000,0x00000007b6c80000)
  from space 70656K, 70% used [0x00000007b6c80000,0x00000007b9d10780,0x00000007bb180000)
  to   space 74752K, 0% used [0x00000007bb700000,0x00000007bb700000,0x00000007c0000000)
 ParOldGen       total 364544K, used 246360K [0x0000000780000000, 0x0000000796400000, 0x00000007aab00000)
  object space 364544K, 67% used [0x0000000780000000,0x000000078f096320,0x0000000796400000)
 Metaspace       used 117130K, capacity 121772K, committed 121932K, reserved 1155072K
  class space    used 14970K, capacity 15966K, committed 15988K, reserved 1048576K
Event: 279.835 GC heap after
Heap after GC invocations=43 (full 5):
 PSYoungGen      total 274432K, used 26398K [0x00000007aab00000, 0x00000007bfc00000, 0x00000007c0000000)
  eden space 203776K, 0% used [0x00000007aab00000,0x00000007aab00000,0x00000007b7200000)
  from space 70656K, 37% used [0x00000007bb700000,0x00000007bd0c7ad8,0x00000007bfc00000)
  to   space 70656K, 0% used [0x00000007b7200000,0x00000007b7200000,0x00000007bb700000)
 ParOldGen       total 364544K, used 291267K [0x0000000780000000, 0x0000000796400000, 0x00000007aab00000)
  object space 364544K, 79% used [0x0000000780000000,0x0000000791c70db8,0x0000000796400000)
 Metaspace       used 117130K, capacity 121772K, committed 121932K, reserved 1155072K
  class space    used 14970K, capacity 15966K, committed 15988K, reserved 1048576K
}
Event: 280.659 GC heap before
{Heap before GC invocations=44 (full 5):
 PSYoungGen      total 274432K, used 230174K [0x00000007aab00000, 0x00000007bfc00000, 0x00000007c0000000)
  eden space 203776K, 100% used [0x00000007aab00000,0x00000007b7200000,0x00000007b7200000)
  from space 70656K, 37% used [0x00000007bb700000,0x00000007bd0c7ad8,0x00000007bfc00000)
  to   space 70656K, 0% used [0x00000007b7200000,0x00000007b7200000,0x00000007bb700000)
 ParOldGen       total 364544K, used 291267K [0x0000000780000000, 0x0000000796400000, 0x00000007aab00000)
  object space 364544K, 79% used [0x0000000780000000,0x0000000791c70db8,0x0000000796400000)
 Metaspace       used 117322K, capacity 121964K, committed 122188K, reserved 1155072K
  class space    used 14970K, capacity 15966K, committed 15988K, reserved 1048576K
Event: 280.692 GC heap after
Heap after GC invocations=44 (full 5):
 PSYoungGen      total 274432K, used 41064K [0x00000007aab00000, 0x00000007c0000000, 0x00000007c0000000)
  eden space 203776K, 0% used [0x00000007aab00000,0x00000007aab00000,0x00000007b7200000)
  from space 70656K, 58% used [0x00000007b7200000,0x00000007b9a1a3c8,0x00000007bb700000)
  to   space 71168K, 0% used [0x00000007bba80000,0x00000007bba80000,0x00000007c0000000)
 ParOldGen       total 364544K, used 313382K [0x0000000780000000, 0x0000000796400000, 0x00000007aab00000)
  object space 364544K, 85% used [0x0000000780000000,0x0000000793209ac0,0x0000000796400000)
 Metaspace       used 117322K, capacity 121964K, committed 122188K, reserved 1155072K
  class space    used 14970K, capacity 15966K, committed 15988K, reserved 1048576K
}
Event: 285.511 GC heap before
{Heap before GC invocations=45 (full 5):
 PSYoungGen      total 274432K, used 244840K [0x00000007aab00000, 0x00000007c0000000, 0x00000007c0000000)
  eden space 203776K, 100% used [0x00000007aab00000,0x00000007b7200000,0x00000007b7200000)
  from space 70656K, 58% used [0x00000007b7200000,0x00000007b9a1a3c8,0x00000007bb700000)
  to   space 71168K, 0% used [0x00000007bba80000,0x00000007bba80000,0x00000007c0000000)
 ParOldGen       total 364544K, used 313382K [0x0000000780000000, 0x0000000796400000, 0x00000007aab00000)
  object space 364544K, 85% used [0x0000000780000000,0x0000000793209ac0,0x0000000796400000)
 Metaspace       used 117955K, capacity 122676K, committed 122828K, reserved 1157120K
  class space    used 15050K, capacity 16062K, committed 16116K, reserved 1048576K
Event: 285.571 GC heap after
Heap after GC invocations=45 (full 5):
 PSYoungGen      total 275968K, used 15645K [0x00000007aab00000, 0x00000007bfd80000, 0x00000007c0000000)
  eden space 207360K, 0% used [0x00000007aab00000,0x00000007aab00000,0x00000007b7580000)
  from space 68608K, 22% used [0x00000007bba80000,0x00000007bc9c7778,0x00000007bfd80000)
  to   space 69632K, 0% used [0x00000007b7580000,0x00000007b7580000,0x00000007bb980000)
 ParOldGen       total 364544K, used 353292K [0x0000000780000000, 0x0000000796400000, 0x00000007aab00000)
  object space 364544K, 96% used [0x0000000780000000,0x0000000795903270,0x0000000796400000)
 Metaspace       used 117955K, capacity 122676K, committed 122828K, reserved 1157120K
  class space    used 15050K, capacity 16062K, committed 16116K, reserved 1048576K
}
Event: 285.571 GC heap before
{Heap before GC invocations=46 (full 6):
 PSYoungGen      total 275968K, used 15645K [0x00000007aab00000, 0x00000007bfd80000, 0x00000007c0000000)
  eden space 207360K, 0% used [0x00000007aab00000,0x00000007aab00000,0x00000007b7580000)
  from space 68608K, 22% used [0x00000007bba80000,0x00000007bc9c7778,0x00000007bfd80000)
  to   space 69632K, 0% used [0x00000007b7580000,0x00000007b7580000,0x00000007bb980000)
 ParOldGen       total 364544K, used 353292K [0x0000000780000000, 0x0000000796400000, 0x00000007aab00000)
  object space 364544K, 96% used [0x0000000780000000,0x0000000795903270,0x0000000796400000)
 Metaspace       used 117955K, capacity 122676K, committed 122828K, reserved 1157120K
  class space    used 15050K, capacity 16062K, committed 16116K, reserved 1048576K
Event: 286.138 GC heap after
Heap after GC invocations=46 (full 6):
 PSYoungGen      total 275968K, used 0K [0x00000007aab00000, 0x00000007bfd80000, 0x00000007c0000000)
  eden space 207360K, 0% used [0x00000007aab00000,0x00000007aab00000,0x00000007b7580000)
  from space 68608K, 0% used [0x00000007bba80000,0x00000007bba80000,0x00000007bfd80000)
  to   space 69632K, 0% used [0x00000007b7580000,0x00000007b7580000,0x00000007bb980000)
 ParOldGen       total 534016K, used 346740K [0x0000000780000000, 0x00000007a0980000, 0x00000007aab00000)
  object space 534016K, 64% used [0x0000000780000000,0x000000079529d1b8,0x00000007a0980000)
 Metaspace       used 117793K, capacity 122246K, committed 122828K, reserved 1157120K
  class space    used 14994K, capacity 15965K, committed 16116K, reserved 1048576K
}
Event: 286.654 GC heap before
{Heap before GC invocations=47 (full 6):
 PSYoungGen      total 275968K, used 207360K [0x00000007aab00000, 0x00000007bfd80000, 0x00000007c0000000)
  eden space 207360K, 100% used [0x00000007aab00000,0x00000007b7580000,0x00000007b7580000)
  from space 68608K, 0% used [0x00000007bba80000,0x00000007bba80000,0x00000007bfd80000)
  to   space 69632K, 0% used [0x00000007b7580000,0x00000007b7580000,0x00000007bb980000)
 ParOldGen       total 534016K, used 346788K [0x0000000780000000, 0x00000007a0980000, 0x00000007aab00000)
  object space 534016K, 64% used [0x0000000780000000,0x00000007952a9328,0x00000007a0980000)
 Metaspace       used 120126K, capacity 124716K, committed 125260K, reserved 1159168K
  class space    used 15414K, capacity 16383K, committed 16500K, reserved 1048576K
Event: 286.663 GC heap after
Heap after GC invocations=47 (full 6):
 PSYoungGen      total 276992K, used 12957K [0x00000007aab00000, 0x00000007bfe00000, 0x00000007c0000000)
  eden space 207360K, 0% used [0x00000007aab00000,0x00000007aab00000,0x00000007b7580000)
  from space 69632K, 18% used [0x00000007b7580000,0x00000007b8227480,0x00000007bb980000)
  to   space 68096K, 0% used [0x00000007bbb80000,0x00000007bbb80000,0x00000007bfe00000)
 ParOldGen       total 534016K, used 346796K [0x0000000780000000, 0x00000007a0980000, 0x00000007aab00000)
  object space 534016K, 64% used [0x0000000780000000,0x00000007952ab328,0x00000007a0980000)
 Metaspace       used 120126K, capacity 124716K, committed 125260K, reserved 1159168K
  class space    used 15414K, capacity 16383K, committed 16500K, reserved 1048576K
}

